<?xml version="1.0" encoding="UTF-8"?>
<testsuite name="ru.poldjoke.demo.jokebot.JokeBotApplicationTests" tests="1" skipped="0" failures="0" errors="0" timestamp="2024-03-15T10:25:40" hostname="DEN" time="0.673">
  <properties/>
  <testcase name="contextLoads()" classname="ru.poldjoke.demo.jokebot.JokeBotApplicationTests" time="0.673"/>
  <system-out><![CDATA[13:25:34.966 [Test worker] INFO org.springframework.test.context.support.AnnotationConfigContextLoaderUtils -- Could not detect default configuration classes for test class [ru.poldjoke.demo.jokebot.JokeBotApplicationTests]: JokeBotApplicationTests does not declare any static, non-private, non-final, nested classes annotated with @Configuration.
13:25:35.111 [Test worker] INFO org.springframework.boot.test.context.SpringBootTestContextBootstrapper -- Found @SpringBootConfiguration ru.poldjoke.demo.jokebot.JokeBotApplication for test class ru.poldjoke.demo.jokebot.JokeBotApplicationTests

  .   ____          _            __ _ _
 /\\ / ___'_ __ _ _(_)_ __  __ _ \ \ \ \
( ( )\___ | '_ | '_| | '_ \/ _` | \ \ \ \
 \\/  ___)| |_)| | | | | || (_| |  ) ) ) )
  '  |____| .__|_| |_|_| |_\__, | / / / /
 =========|_|==============|___/=/_/_/_/
 :: Spring Boot ::                (v3.2.3)

2024-03-15T13:25:35.706+03:00  INFO 16732 --- [    Test worker] r.p.d.jokebot.JokeBotApplicationTests    : Starting JokeBotApplicationTests using Java 21.0.2 with PID 16732 (started by Denis in C:\Users\Denis\Desktop\joke-bot)
2024-03-15T13:25:35.708+03:00  INFO 16732 --- [    Test worker] r.p.d.jokebot.JokeBotApplicationTests    : No active profile set, falling back to 1 default profile: "default"
2024-03-15T13:25:36.605+03:00  INFO 16732 --- [    Test worker] .s.d.r.c.RepositoryConfigurationDelegate : Bootstrapping Spring Data JPA repositories in DEFAULT mode.
2024-03-15T13:25:36.676+03:00  INFO 16732 --- [    Test worker] .s.d.r.c.RepositoryConfigurationDelegate : Finished Spring Data repository scanning in 60 ms. Found 1 JPA repository interface.
2024-03-15T13:25:37.277+03:00  INFO 16732 --- [    Test worker] o.hibernate.jpa.internal.util.LogHelper  : HHH000204: Processing PersistenceUnitInfo [name: default]
2024-03-15T13:25:37.356+03:00  INFO 16732 --- [    Test worker] org.hibernate.Version                    : HHH000412: Hibernate ORM core version 6.4.4.Final
2024-03-15T13:25:37.409+03:00  INFO 16732 --- [    Test worker] o.h.c.internal.RegionFactoryInitiator    : HHH000026: Second-level cache disabled
2024-03-15T13:25:37.765+03:00  INFO 16732 --- [    Test worker] o.s.o.j.p.SpringPersistenceUnitInfo      : No LoadTimeWeaver setup: ignoring JPA class transformer
2024-03-15T13:25:37.805+03:00  INFO 16732 --- [    Test worker] com.zaxxer.hikari.HikariDataSource       : HikariPool-1 - Starting...
2024-03-15T13:25:38.125+03:00  INFO 16732 --- [    Test worker] com.zaxxer.hikari.pool.HikariPool        : HikariPool-1 - Added connection conn0: url=jdbc:h2:file:./db user=SA
2024-03-15T13:25:38.129+03:00  INFO 16732 --- [    Test worker] com.zaxxer.hikari.HikariDataSource       : HikariPool-1 - Start completed.
2024-03-15T13:25:38.164+03:00  WARN 16732 --- [    Test worker] org.hibernate.orm.deprecation            : HHH90000025: H2Dialect does not need to be specified explicitly using 'hibernate.dialect' (remove the property setting and it will be selected by default)
2024-03-15T13:25:39.224+03:00  INFO 16732 --- [    Test worker] o.h.e.t.j.p.i.JtaPlatformInitiator       : HHH000489: No JTA platform available (set 'hibernate.transaction.jta.platform' to enable JTA platform integration)
2024-03-15T13:25:39.298+03:00  INFO 16732 --- [    Test worker] j.LocalContainerEntityManagerFactoryBean : Initialized JPA EntityManagerFactory for persistence unit 'default'
2024-03-15T13:25:39.897+03:00  WARN 16732 --- [    Test worker] JpaBaseConfiguration$JpaWebConfiguration : spring.jpa.open-in-view is enabled by default. Therefore, database queries may be performed during view rendering. Explicitly configure spring.jpa.open-in-view to disable this warning
2024-03-15T13:25:40.559+03:00  INFO 16732 --- [    Test worker] r.p.d.jokebot.JokeBotApplicationTests    : Started JokeBotApplicationTests in 5.192 seconds (process running for 6.883)
]]></system-out>
  <system-err><![CDATA[WARNING: A Java agent has been loaded dynamically (C:\Users\Denis\.gradle\caches\modules-2\files-2.1\net.bytebuddy\byte-buddy-agent\1.14.12\be4984cb6fd1ef1d11f218a648889dfda44b8a15\byte-buddy-agent-1.14.12.jar)
WARNING: If a serviceability tool is in use, please run with -XX:+EnableDynamicAgentLoading to hide this warning
WARNING: If a serviceability tool is not in use, please run with -Djdk.instrument.traceUsage for more information
WARNING: Dynamic loading of agents will be disallowed by default in a future release
]]></system-err>
</testsuite>
